<?xml version="1.0" encoding="UTF-8"?>
<testng-results skipped="0" failed="0" total="9" passed="9">
  <reporter-output>
    <line>
      <![CDATA[STEP1]]>
    </line>
    <line>
      <![CDATA[STEP2]]>
    </line>
    <line>
      <![CDATA[STEP3]]>
    </line>
    <line>
      <![CDATA[STEP4]]>
    </line>
    <line>
      <![CDATA[STEP5]]>
    </line>
    <line>
      <![CDATA[STEP6]]>
    </line>
    <line>
      <![CDATA[STEP7]]>
    </line>
    <line>
      <![CDATA[STEP8]]>
    </line>
    <line>
      <![CDATA[STEP9]]>
    </line>
    <line>
      <![CDATA[STEP10]]>
    </line>
    <line>
      <![CDATA[STEP11]]>
    </line>
    <line>
      <![CDATA[STEP12]]>
    </line>
    <line>
      <![CDATA[STEP13]]>
    </line>
    <line>
      <![CDATA[STEP14]]>
    </line>
    <line>
      <![CDATA[STEP15]]>
    </line>
    <line>
      <![CDATA[STEP16]]>
    </line>
    <line>
      <![CDATA[STEP17]]>
    </line>
    <line>
      <![CDATA[STEP18]]>
    </line>
    <line>
      <![CDATA[STEP19]]>
    </line>
    <line>
      <![CDATA[STEP20]]>
    </line>
    <line>
      <![CDATA[STEP21]]>
    </line>
    <line>
      <![CDATA[STEP22]]>
    </line>
    <line>
      <![CDATA[STEP23]]>
    </line>
    <line>
      <![CDATA[STEP24]]>
    </line>
    <line>
      <![CDATA[STEP25]]>
    </line>
    <line>
      <![CDATA[STEP26]]>
    </line>
    <line>
      <![CDATA[STEP27]]>
    </line>
    <line>
      <![CDATA[STEP28]]>
    </line>
    <line>
      <![CDATA[STEP29]]>
    </line>
    <line>
      <![CDATA[STEP30]]>
    </line>
    <line>
      <![CDATA[STEP31]]>
    </line>
    <line>
      <![CDATA[STEP32]]>
    </line>
    <line>
      <![CDATA[STEP33]]>
    </line>
    <line>
      <![CDATA[STEP34]]>
    </line>
    <line>
      <![CDATA[STEP35]]>
    </line>
    <line>
      <![CDATA[STEP36]]>
    </line>
    <line>
      <![CDATA[STEP37]]>
    </line>
    <line>
      <![CDATA[STEP38]]>
    </line>
    <line>
      <![CDATA[STEP39]]>
    </line>
    <line>
      <![CDATA[STEP40]]>
    </line>
    <line>
      <![CDATA[STEP41]]>
    </line>
    <line>
      <![CDATA[STEP42]]>
    </line>
    <line>
      <![CDATA[STEP43]]>
    </line>
    <line>
      <![CDATA[STEP44]]>
    </line>
    <line>
      <![CDATA[STEP45]]>
    </line>
    <line>
      <![CDATA[STEP46]]>
    </line>
    <line>
      <![CDATA[STEP47]]>
    </line>
    <line>
      <![CDATA[STEP48]]>
    </line>
    <line>
      <![CDATA[STEP49]]>
    </line>
    <line>
      <![CDATA[STEP50]]>
    </line>
    <line>
      <![CDATA[STEP51]]>
    </line>
    <line>
      <![CDATA[STEP52]]>
    </line>
  </reporter-output>
  <suite name="Default suite" duration-ms="455617" started-at="2016-02-15T14:04:39Z" finished-at="2016-02-15T14:12:15Z">
    <groups>
    </groups>
    <test name="Default test" duration-ms="455617" started-at="2016-02-15T14:04:39Z" finished-at="2016-02-15T14:12:15Z">
      <class name="com.twc.AD_TestSuite.Smoke_Test">
        <test-method status="PASS" signature="TestReportFiles()[pri:0, instance:com.twc.AD_TestSuite.Smoke_Test@6bf256fa]" name="TestReportFiles" is-config="true" duration-ms="11" started-at="2016-02-15T19:34:39Z" finished-at="2016-02-15T19:34:39Z">
          <reporter-output>
          </reporter-output>
        </test-method> <!-- TestReportFiles -->
        <test-method status="PASS" signature="Capabilities_Launch()[pri:0, instance:com.twc.AD_TestSuite.Smoke_Test@6bf256fa]" name="Capabilities_Launch" is-config="true" duration-ms="107785" started-at="2016-02-15T19:34:39Z" finished-at="2016-02-15T19:36:27Z">
          <reporter-output>
          </reporter-output>
        </test-method> <!-- Capabilities_Launch -->
        <test-method status="PASS" signature="getBuildVersion()[pri:0, instance:com.twc.AD_TestSuite.Smoke_Test@6bf256fa]" name="getBuildVersion" is-config="true" duration-ms="20898" started-at="2016-02-15T19:36:27Z" finished-at="2016-02-15T19:36:48Z">
          <reporter-output>
            <line>
              <![CDATA[STEP1]]>
            </line>
          </reporter-output>
        </test-method> <!-- getBuildVersion -->
        <test-method status="PASS" signature="App_Kill_ReLaunch()[pri:0, instance:com.twc.AD_TestSuite.Smoke_Test@6bf256fa]" name="App_Kill_ReLaunch" is-config="true" duration-ms="0" started-at="2016-02-15T19:36:48Z" finished-at="2016-02-15T19:36:48Z">
          <reporter-output>
          </reporter-output>
        </test-method> <!-- App_Kill_ReLaunch -->
        <test-method status="PASS" signature="AD_C333179_Verify_AdCall_On_PulltoRefresh()[pri:0, instance:com.twc.AD_TestSuite.Smoke_Test@6bf256fa]" name="AD_C333179_Verify_AdCall_On_PulltoRefresh" duration-ms="6051" started-at="2016-02-15T19:36:48Z" finished-at="2016-02-15T19:36:54Z">
          <reporter-output>
            <line>
              <![CDATA[STEP2]]>
            </line>
            <line>
              <![CDATA[STEP3]]>
            </line>
            <line>
              <![CDATA[STEP4]]>
            </line>
            <line>
              <![CDATA[STEP5]]>
            </line>
          </reporter-output>
        </test-method> <!-- AD_C333179_Verify_AdCall_On_PulltoRefresh -->
        <test-method status="PASS" signature="App_Kill_ReLaunch()[pri:0, instance:com.twc.AD_TestSuite.Smoke_Test@6bf256fa]" name="App_Kill_ReLaunch" is-config="true" duration-ms="3" started-at="2016-02-15T19:36:54Z" finished-at="2016-02-15T19:36:54Z">
          <reporter-output>
          </reporter-output>
        </test-method> <!-- App_Kill_ReLaunch -->
        <test-method status="PASS" signature="AD_C333174_FactualCall_On_FreshLaunch_RE()[pri:1, instance:com.twc.AD_TestSuite.Smoke_Test@6bf256fa]" name="AD_C333174_FactualCall_On_FreshLaunch_RE" duration-ms="12868" started-at="2016-02-15T19:36:54Z" finished-at="2016-02-15T19:37:07Z">
          <reporter-output>
            <line>
              <![CDATA[STEP6]]>
            </line>
            <line>
              <![CDATA[STEP7]]>
            </line>
            <line>
              <![CDATA[STEP8]]>
            </line>
            <line>
              <![CDATA[STEP9]]>
            </line>
            <line>
              <![CDATA[STEP10]]>
            </line>
            <line>
              <![CDATA[STEP11]]>
            </line>
            <line>
              <![CDATA[STEP12]]>
            </line>
          </reporter-output>
        </test-method> <!-- AD_C333174_FactualCall_On_FreshLaunch_RE -->
        <test-method status="PASS" signature="App_Kill_ReLaunch()[pri:0, instance:com.twc.AD_TestSuite.Smoke_Test@6bf256fa]" name="App_Kill_ReLaunch" is-config="true" duration-ms="0" started-at="2016-02-15T19:37:07Z" finished-at="2016-02-15T19:37:07Z">
          <reporter-output>
          </reporter-output>
        </test-method> <!-- App_Kill_ReLaunch -->
        <test-method status="PASS" signature="AD_C333173_Verify_WeatherFX_ApiCall_On_FreshLaunch_RE()[pri:2, instance:com.twc.AD_TestSuite.Smoke_Test@6bf256fa]" name="AD_C333173_Verify_WeatherFX_ApiCall_On_FreshLaunch_RE" duration-ms="12742" started-at="2016-02-15T19:37:07Z" finished-at="2016-02-15T19:37:20Z">
          <reporter-output>
            <line>
              <![CDATA[STEP13]]>
            </line>
            <line>
              <![CDATA[STEP14]]>
            </line>
            <line>
              <![CDATA[STEP15]]>
            </line>
            <line>
              <![CDATA[STEP16]]>
            </line>
            <line>
              <![CDATA[STEP17]]>
            </line>
          </reporter-output>
        </test-method> <!-- AD_C333173_Verify_WeatherFX_ApiCall_On_FreshLaunch_RE -->
        <test-method status="PASS" signature="AD_C333182_LotameAdTargeting_On_AppLaunch()[pri:3, instance:com.twc.AD_TestSuite.Smoke_Test@6bf256fa]" name="AD_C333182_LotameAdTargeting_On_AppLaunch" duration-ms="18228" started-at="2016-02-15T19:37:20Z" finished-at="2016-02-15T19:37:38Z">
          <reporter-output>
            <line>
              <![CDATA[STEP18]]>
            </line>
            <line>
              <![CDATA[STEP19]]>
            </line>
            <line>
              <![CDATA[STEP20]]>
            </line>
            <line>
              <![CDATA[STEP21]]>
            </line>
            <line>
              <![CDATA[STEP22]]>
            </line>
          </reporter-output>
        </test-method> <!-- AD_C333182_LotameAdTargeting_On_AppLaunch -->
        <test-method status="PASS" signature="App_Kill_ReLaunch()[pri:0, instance:com.twc.AD_TestSuite.Smoke_Test@6bf256fa]" name="App_Kill_ReLaunch" is-config="true" duration-ms="0" started-at="2016-02-15T19:37:20Z" finished-at="2016-02-15T19:37:20Z">
          <reporter-output>
          </reporter-output>
        </test-method> <!-- App_Kill_ReLaunch -->
        <test-method status="PASS" signature="App_Kill_ReLaunch()[pri:0, instance:com.twc.AD_TestSuite.Smoke_Test@6bf256fa]" name="App_Kill_ReLaunch" is-config="true" duration-ms="1" started-at="2016-02-15T19:37:38Z" finished-at="2016-02-15T19:37:38Z">
          <reporter-output>
          </reporter-output>
        </test-method> <!-- App_Kill_ReLaunch -->
        <test-method status="PASS" signature="AD_C333175_Verify_Ad_Present_On_HourlyExtended_page()[pri:4, instance:com.twc.AD_TestSuite.Smoke_Test@6bf256fa]" name="AD_C333175_Verify_Ad_Present_On_HourlyExtended_page" duration-ms="7697" started-at="2016-02-15T19:37:38Z" finished-at="2016-02-15T19:37:46Z">
          <reporter-output>
            <line>
              <![CDATA[STEP23]]>
            </line>
            <line>
              <![CDATA[STEP24]]>
            </line>
            <line>
              <![CDATA[STEP25]]>
            </line>
            <line>
              <![CDATA[STEP26]]>
            </line>
            <line>
              <![CDATA[STEP27]]>
            </line>
          </reporter-output>
        </test-method> <!-- AD_C333175_Verify_Ad_Present_On_HourlyExtended_page -->
        <test-method status="PASS" signature="App_Kill_ReLaunch()[pri:0, instance:com.twc.AD_TestSuite.Smoke_Test@6bf256fa]" name="App_Kill_ReLaunch" is-config="true" duration-ms="0" started-at="2016-02-15T19:37:46Z" finished-at="2016-02-15T19:37:46Z">
          <reporter-output>
          </reporter-output>
        </test-method> <!-- App_Kill_ReLaunch -->
        <test-method status="PASS" signature="AD_C333180_Verify_Ad_Present_On_DailyExtended_page()[pri:5, instance:com.twc.AD_TestSuite.Smoke_Test@6bf256fa]" name="AD_C333180_Verify_Ad_Present_On_DailyExtended_page" duration-ms="67113" started-at="2016-02-15T19:37:46Z" finished-at="2016-02-15T19:38:53Z">
          <reporter-output>
            <line>
              <![CDATA[STEP28]]>
            </line>
            <line>
              <![CDATA[STEP29]]>
            </line>
            <line>
              <![CDATA[STEP30]]>
            </line>
            <line>
              <![CDATA[STEP31]]>
            </line>
            <line>
              <![CDATA[STEP32]]>
            </line>
          </reporter-output>
        </test-method> <!-- AD_C333180_Verify_Ad_Present_On_DailyExtended_page -->
        <test-method status="PASS" signature="App_Kill_ReLaunch()[pri:0, instance:com.twc.AD_TestSuite.Smoke_Test@6bf256fa]" name="App_Kill_ReLaunch" is-config="true" duration-ms="1" started-at="2016-02-15T19:38:53Z" finished-at="2016-02-15T19:38:53Z">
          <reporter-output>
          </reporter-output>
        </test-method> <!-- App_Kill_ReLaunch -->
        <test-method status="PASS" signature="AD_C333176_Verify_Ad_Present_On_MapsExtended_page()[pri:6, instance:com.twc.AD_TestSuite.Smoke_Test@6bf256fa]" name="AD_C333176_Verify_Ad_Present_On_MapsExtended_page" duration-ms="73655" started-at="2016-02-15T19:38:53Z" finished-at="2016-02-15T19:40:06Z">
          <reporter-output>
            <line>
              <![CDATA[STEP33]]>
            </line>
            <line>
              <![CDATA[STEP34]]>
            </line>
            <line>
              <![CDATA[STEP35]]>
            </line>
            <line>
              <![CDATA[STEP36]]>
            </line>
            <line>
              <![CDATA[STEP37]]>
            </line>
          </reporter-output>
        </test-method> <!-- AD_C333176_Verify_Ad_Present_On_MapsExtended_page -->
        <test-method status="PASS" signature="AD_C333177_Verify_Ad_Present_On_NewsExtended_page()[pri:7, instance:com.twc.AD_TestSuite.Smoke_Test@6bf256fa]" name="AD_C333177_Verify_Ad_Present_On_NewsExtended_page" duration-ms="102787" started-at="2016-02-15T19:40:06Z" finished-at="2016-02-15T19:41:49Z">
          <reporter-output>
            <line>
              <![CDATA[STEP38]]>
            </line>
            <line>
              <![CDATA[STEP39]]>
            </line>
            <line>
              <![CDATA[STEP40]]>
            </line>
            <line>
              <![CDATA[STEP41]]>
            </line>
            <line>
              <![CDATA[STEP42]]>
            </line>
          </reporter-output>
        </test-method> <!-- AD_C333177_Verify_Ad_Present_On_NewsExtended_page -->
        <test-method status="PASS" signature="App_Kill_ReLaunch()[pri:0, instance:com.twc.AD_TestSuite.Smoke_Test@6bf256fa]" name="App_Kill_ReLaunch" is-config="true" duration-ms="0" started-at="2016-02-15T19:40:06Z" finished-at="2016-02-15T19:40:06Z">
          <reporter-output>
          </reporter-output>
        </test-method> <!-- App_Kill_ReLaunch -->
        <test-method status="PASS" signature="AD_C333172_Verify_AdCalls_On_CleanLaunch()[pri:8, instance:com.twc.AD_TestSuite.Smoke_Test@6bf256fa]" name="AD_C333172_Verify_AdCalls_On_CleanLaunch" duration-ms="25760" started-at="2016-02-15T19:41:49Z" finished-at="2016-02-15T19:42:15Z">
          <reporter-output>
            <line>
              <![CDATA[STEP43]]>
            </line>
            <line>
              <![CDATA[STEP44]]>
            </line>
            <line>
              <![CDATA[STEP45]]>
            </line>
            <line>
              <![CDATA[STEP46]]>
            </line>
            <line>
              <![CDATA[STEP47]]>
            </line>
            <line>
              <![CDATA[STEP48]]>
            </line>
            <line>
              <![CDATA[STEP49]]>
            </line>
            <line>
              <![CDATA[STEP50]]>
            </line>
            <line>
              <![CDATA[STEP51]]>
            </line>
          </reporter-output>
        </test-method> <!-- AD_C333172_Verify_AdCalls_On_CleanLaunch -->
        <test-method status="PASS" signature="App_Kill_ReLaunch()[pri:0, instance:com.twc.AD_TestSuite.Smoke_Test@6bf256fa]" name="App_Kill_ReLaunch" is-config="true" duration-ms="0" started-at="2016-02-15T19:41:49Z" finished-at="2016-02-15T19:41:49Z">
          <reporter-output>
          </reporter-output>
        </test-method> <!-- App_Kill_ReLaunch -->
        <test-method status="PASS" signature="movefiles()[pri:0, instance:com.twc.AD_TestSuite.Smoke_Test@6bf256fa]" name="movefiles" is-config="true" duration-ms="19" started-at="2016-02-15T19:42:15Z" finished-at="2016-02-15T19:42:15Z">
          <reporter-output>
            <line>
              <![CDATA[STEP52]]>
            </line>
          </reporter-output>
        </test-method> <!-- movefiles -->
      </class> <!-- com.twc.AD_TestSuite.Smoke_Test -->
    </test> <!-- Default test -->
  </suite> <!-- Default suite -->
</testng-results>
